0 info it worked if it ends with ok
1 verbose cli [ 'node', '/usr/local/bin/npm', 'install', '--save', 'request' ]
2 info using npm@1.4.28
3 info using node@v0.10.32
4 verbose readDependencies using package.json deps
5 verbose cache add [ 'request', null ]
6 verbose cache add name=undefined spec="request" args=["request",null]
7 verbose parsed url { protocol: null,
7 verbose parsed url   slashes: null,
7 verbose parsed url   auth: null,
7 verbose parsed url   host: null,
7 verbose parsed url   port: null,
7 verbose parsed url   hostname: null,
7 verbose parsed url   hash: null,
7 verbose parsed url   search: null,
7 verbose parsed url   query: null,
7 verbose parsed url   pathname: 'request',
7 verbose parsed url   path: 'request',
7 verbose parsed url   href: 'request' }
8 silly lockFile 088e29b0-request request
9 verbose lock request /Users/yinmei/.npm/088e29b0-request.lock
10 silly lockFile 088e29b0-request request
11 silly lockFile 088e29b0-request request
12 verbose addNamed [ 'request', '' ]
13 verbose addNamed [ null, '*' ]
14 silly lockFile 9d461bcf-request request@
15 verbose lock request@ /Users/yinmei/.npm/9d461bcf-request.lock
16 silly addNameRange { name: 'request', range: '*', hasData: false }
17 verbose request where is /request
18 verbose request registry https://registry.npmjs.org/
19 verbose request id 23af0cb3dd5ab1c9
20 verbose url raw /request
21 verbose url resolving [ 'https://registry.npmjs.org/', './request' ]
22 verbose url resolved https://registry.npmjs.org/request
23 verbose request where is https://registry.npmjs.org/request
24 info trying registry request attempt 1 at 03:37:27
25 verbose etag "CK400HF21XOHKH87BQY93NSR6"
26 http GET https://registry.npmjs.org/request
27 http 304 https://registry.npmjs.org/request
28 silly registry.get cb [ 304,
28 silly registry.get   { date: 'Sun, 18 Jan 2015 08:37:27 GMT',
28 silly registry.get     server: 'Apache',
28 silly registry.get     via: '1.1 varnish',
28 silly registry.get     'last-modified': 'Sun, 18 Jan 2015 08:37:27 GMT',
28 silly registry.get     'cache-control': 'max-age=60',
28 silly registry.get     etag: '"CK400HF21XOHKH87BQY93NSR6"',
28 silly registry.get     age: '48',
28 silly registry.get     'x-served-by': 'cache-jfk1027-JFK',
28 silly registry.get     'x-cache': 'HIT',
28 silly registry.get     'x-cache-hits': '1',
28 silly registry.get     'x-timer': 'S1421570247.886702,VS0,VE0',
28 silly registry.get     vary: 'Accept',
28 silly registry.get     'content-length': '0',
28 silly registry.get     'keep-alive': 'timeout=10, max=50',
28 silly registry.get     connection: 'Keep-Alive' } ]
29 verbose etag https://registry.npmjs.org/request from cache
30 silly addNameRange number 2 { name: 'request', range: '*', hasData: true }
31 silly addNameRange versions [ 'request',
31 silly addNameRange   [ '0.10.0',
31 silly addNameRange     '0.8.3',
31 silly addNameRange     '0.9.0',
31 silly addNameRange     '0.9.1',
31 silly addNameRange     '0.9.5',
31 silly addNameRange     '1.0.0',
31 silly addNameRange     '1.1.0',
31 silly addNameRange     '1.1.1',
31 silly addNameRange     '1.2.0',
31 silly addNameRange     '1.9.0',
31 silly addNameRange     '1.9.1',
31 silly addNameRange     '1.9.2',
31 silly addNameRange     '1.9.3',
31 silly addNameRange     '1.9.5',
31 silly addNameRange     '1.9.7',
31 silly addNameRange     '1.9.8',
31 silly addNameRange     '1.9.9',
31 silly addNameRange     '2.0.0',
31 silly addNameRange     '2.0.1',
31 silly addNameRange     '2.0.2',
31 silly addNameRange     '2.0.3',
31 silly addNameRange     '2.0.4',
31 silly addNameRange     '2.0.5',
31 silly addNameRange     '2.1.0',
31 silly addNameRange     '2.1.1',
31 silly addNameRange     '2.2.0',
31 silly addNameRange     '2.2.5',
31 silly addNameRange     '2.2.6',
31 silly addNameRange     '2.2.9',
31 silly addNameRange     '2.9.0',
31 silly addNameRange     '2.9.1',
31 silly addNameRange     '2.9.2',
31 silly addNameRange     '2.9.3',
31 silly addNameRange     '2.9.100',
31 silly addNameRange     '2.9.150',
31 silly addNameRange     '2.9.151',
31 silly addNameRange     '2.9.152',
31 silly addNameRange     '2.9.153',
31 silly addNameRange     '2.9.200',
31 silly addNameRange     '2.9.201',
31 silly addNameRange     '2.9.202',
31 silly addNameRange     '2.9.203',
31 silly addNameRange     '2.10.0',
31 silly addNameRange     '2.11.0',
31 silly addNameRange     '2.11.1',
31 silly addNameRange     '2.11.2',
31 silly addNameRange     '2.11.3',
31 silly addNameRange     '2.11.4',
31 silly addNameRange     '2.12.0',
31 silly addNameRange     '2.14.0',
31 silly addNameRange     '2.16.0',
31 silly addNameRange     '2.16.2',
31 silly addNameRange     '2.16.4',
31 silly addNameRange     '2.16.6',
31 silly addNameRange     '2.18.0',
31 silly addNameRange     '2.19.0',
31 silly addNameRange     '2.20.0',
31 silly addNameRange     '2.21.0',
31 silly addNameRange     '2.22.0',
31 silly addNameRange     '2.23.0',
31 silly addNameRange     '2.24.0',
31 silly addNameRange     '2.25.0',
31 silly addNameRange     '2.26.0',
31 silly addNameRange     '2.27.0',
31 silly addNameRange     '2.28.0',
31 silly addNameRange     '2.29.0',
31 silly addNameRange     '2.30.0',
31 silly addNameRange     '2.31.0',
31 silly addNameRange     '2.32.0',
31 silly addNameRange     '2.33.0',
31 silly addNameRange     '2.34.0',
31 silly addNameRange     '2.35.0',
31 silly addNameRange     '2.36.0',
31 silly addNameRange     '2.37.0',
31 silly addNameRange     '2.38.0',
31 silly addNameRange     '2.39.0',
31 silly addNameRange     '2.40.0',
31 silly addNameRange     '2.41.0',
31 silly addNameRange     '2.42.0',
31 silly addNameRange     '2.43.0',
31 silly addNameRange     '2.44.0',
31 silly addNameRange     '2.45.0',
31 silly addNameRange     '2.46.0',
31 silly addNameRange     '2.47.0',
31 silly addNameRange     '2.48.0',
31 silly addNameRange     '2.49.0',
31 silly addNameRange     '2.50.0',
31 silly addNameRange     '2.51.0' ] ]
32 verbose addNamed [ 'request', '2.51.0' ]
33 verbose addNamed [ '2.51.0', '2.51.0' ]
34 silly lockFile 85707acc-request-2-51-0 request@2.51.0
35 verbose lock request@2.51.0 /Users/yinmei/.npm/85707acc-request-2-51-0.lock
36 silly lockFile fcfd6969-s-org-request-request-2-51-0-tgz https://registry.npmjs.org/request/-/request-2.51.0.tgz
37 verbose lock https://registry.npmjs.org/request/-/request-2.51.0.tgz /Users/yinmei/.npm/fcfd6969-s-org-request-request-2-51-0-tgz.lock
38 verbose addRemoteTarball [ 'https://registry.npmjs.org/request/-/request-2.51.0.tgz',
38 verbose addRemoteTarball   '35d00bbecc012e55f907b1bd9e0dbd577bfef26e' ]
39 info retry fetch attempt 1 at 03:37:27
40 verbose fetch to= /var/folders/l7/dz0r59zn7xlg4c88l45k6kxh0000gn/T/npm-4054-f575TPbS/registry.npmjs.org/request/-/request-2.51.0.tgz
41 http GET https://registry.npmjs.org/request/-/request-2.51.0.tgz
42 http 200 https://registry.npmjs.org/request/-/request-2.51.0.tgz
43 silly lockFile fcfd6969-s-org-request-request-2-51-0-tgz https://registry.npmjs.org/request/-/request-2.51.0.tgz
44 silly lockFile fcfd6969-s-org-request-request-2-51-0-tgz https://registry.npmjs.org/request/-/request-2.51.0.tgz
45 silly lockFile 85707acc-request-2-51-0 request@2.51.0
46 silly lockFile 85707acc-request-2-51-0 request@2.51.0
47 silly lockFile 9d461bcf-request request@
48 silly lockFile 9d461bcf-request request@
49 error Error: EACCES, mkdir '/Users/yinmei/.npm/request/2.51.0'
49 error  { [Error: EACCES, mkdir '/Users/yinmei/.npm/request/2.51.0']
49 error   errno: 3,
49 error   code: 'EACCES',
49 error   path: '/Users/yinmei/.npm/request/2.51.0',
49 error   parent: 'Caracas' }
50 error Please try running this command again as root/Administrator.
51 error System Darwin 13.4.0
52 error command "node" "/usr/local/bin/npm" "install" "--save" "request"
53 error cwd /Users/yinmei/code/Hacksproject/Caracas
54 error node -v v0.10.32
55 error npm -v 1.4.28
56 error path /Users/yinmei/.npm/request/2.51.0
57 error code EACCES
58 error errno 3
59 error stack Error: EACCES, mkdir '/Users/yinmei/.npm/request/2.51.0'
60 verbose exit [ 3, true ]
